<?xml version="1.0" encoding="UTF-8"?>
<!-- Generated by org.testng.reporters.JUnitReportReporter -->
<testsuite hostname="Shonuuu" failures="0" tests="2" name="com.amazon.mavenPOM.HomePageTest" time="0.271" errors="0" timestamp="2023-07-31T18:34:40 IST" skipped="0">
  <testcase classname="com.amazon.mavenPOM.HomePageTest" name="checkSearchBar" time="0.164"/>
  <testcase classname="com.amazon.mavenPOM.HomePageTest" name="checkSignIn" time="0.107"/>
</testsuite> <!-- com.amazon.mavenPOM.HomePageTest -->
